#
# There is insufficient memory for the Java Runtime Environment to continue.
# Native memory allocation (mmap) failed to map 130023424 bytes for Failed to commit area from 0x0000000085000000 to 0x000000008cc00000 of length 130023424.
# Possible reasons:
#   The system is out of physical RAM or swap space
#   The process is running with CompressedOops enabled, and the Java Heap may be blocking the growth of the native heap
# Possible solutions:
#   Reduce memory load on the system
#   Increase physical memory or swap space
#   Check if swap backing store is full
#   Decrease Java heap size (-Xmx/-Xms)
#   Decrease number of Java threads
#   Decrease Java thread stack sizes (-Xss)
#   Set larger code cache with -XX:ReservedCodeCacheSize=
# This output file may be truncated or incomplete.
#
#  Out of Memory Error (./src/hotspot/os/windows/os_windows.cpp:3301), pid=12332, tid=11704
#
# JRE version:  (11.0.10+9) (build )
# Java VM: OpenJDK 64-Bit Server VM (11.0.10+9, mixed mode, sharing, tiered, compressed oops, g1 gc, windows-amd64)
# No core dump will be written. Minidumps are not enabled by default on client versions of Windows
#

---------------  S U M M A R Y ------------

Command Line: -javaagent:C:\Program Files\JetBrains\IntelliJ IDEA Community Edition 2021.1\lib\idea_rt.jar=60495:C:\Program Files\JetBrains\IntelliJ IDEA Community Edition 2021.1\bin -Dfile.encoding=UTF-8 com.company.Main

Host: Intel(R) Core(TM) i5-6300U CPU @ 2.40GHz, 4 cores, 7G,  Windows 10 , 64 bit Build 19041 (10.0.19041.804)
Time: Tue Apr 13 14:40:37 2021 Eastern Daylight Time elapsed time: 0.026817 seconds (0d 0h 0m 0s)

---------------  T H R E A D  ---------------

Current thread (0x00000179c80da800):  JavaThread "Unknown thread" [_thread_in_vm, id=11704, stack(0x0000007471600000,0x0000007471700000)]

Stack: [0x0000007471600000,0x0000007471700000]
Native frames: (J=compiled Java code, j=interpreted, Vv=VM code, C=native code)
V  [jvm.dll+0x5f35ea]
V  [jvm.dll+0x77c65e]
V  [jvm.dll+0x77dd2f]
V  [jvm.dll+0x77e3f3]
V  [jvm.dll+0x246c38]
V  [jvm.dll+0x5f079a]
V  [jvm.dll+0x5e53c5]
V  [jvm.dll+0x2fba4c]
V  [jvm.dll+0x2fb8d2]
V  [jvm.dll+0x300586]
V  [jvm.dll+0x344cff]
V  [jvm.dll+0x344730]
V  [jvm.dll+0x2d8cb8]
V  [jvm.dll+0x2d9e06]
V  [jvm.dll+0x757c77]
V  [jvm.dll+0x7593ff]
V  [jvm.dll+0x351a59]
V  [jvm.dll+0x73aea0]
V  [jvm.dll+0x3b929f]
V  [jvm.dll+0x3bb7a1]
C  [jli.dll+0x520b]
C  [ucrtbase.dll+0x21bb2]
C  [KERNEL32.DLL+0x17034]
C  [ntdll.dll+0x52651]


---------------  P R O C E S S  ---------------

Threads class SMR info:
_java_thread_list=0x00000179c5e80750, length=0, elements={
}

Java Threads: ( => current thread )

Other Threads:
  0x00000179c80f1800 GCTaskThread "GC Thread#0" [stack: 0x0000007471800000,0x0000007471900000] [id=15180]
  0x00000179c8121000 ConcurrentGCThread "G1 Main Marker" [stack: 0x0000007471900000,0x0000007471a00000] [id=13692]
  0x00000179c8123000 ConcurrentGCThread "G1 Conc#0" [stack: 0x0000007471a00000,0x0000007471b00000] [id=10792]

[error occurred during error reporting (printing all threads), id 0xc0000005, EXCEPTION_ACCESS_VIOLATION (0xc0000005) at pc=0x00007ffe16678337]

VM state:not at safepoint (not fully initialized)

VM Mutex/Monitor currently owned by a thread:  ([mutex/lock_event])
[0x00000179c80d6af0] Heap_lock - owner thread: 0x00000179c80da800

Heap address: 0x0000000085000000, size: 1968 MB, Compressed Oops mode: Non-zero based: 0x0000000085000000
Narrow klass base: 0x0000000000000000, Narrow klass shift: 0

GC Heap History (0 events):
No events

Deoptimization events (0 events):
No events

Classes redefined (0 events):
No events

Internal exceptions (0 events):
No events

Events (1 events):
Event: 0.013 Loaded shared library C:\Users\admin\.jdks\adopt-openjdk-11.0.10\bin\zip.dll


Dynamic libraries:
0x00007ff627f80000 - 0x00007ff627f8d000 	C:\Users\admin\.jdks\adopt-openjdk-11.0.10\bin\java.exe
0x00007ffe594b0000 - 0x00007ffe596a5000 	C:\WINDOWS\SYSTEM32\ntdll.dll
0x00007ffe58f00000 - 0x00007ffe58fbd000 	C:\WINDOWS\System32\KERNEL32.DLL
0x00007ffe56bf0000 - 0x00007ffe56eb9000 	C:\WINDOWS\System32\KERNELBASE.dll
0x00007ffe53f90000 - 0x00007ffe54020000 	C:\WINDOWS\SYSTEM32\apphelp.dll
0x00007ffe571c0000 - 0x00007ffe572c0000 	C:\WINDOWS\System32\ucrtbase.dll
0x00007ffe32d10000 - 0x00007ffe32d27000 	C:\Users\admin\.jdks\adopt-openjdk-11.0.10\bin\jli.dll
0x00007ffe57610000 - 0x00007ffe577b0000 	C:\WINDOWS\System32\USER32.dll
0x00007ffe57190000 - 0x00007ffe571b2000 	C:\WINDOWS\System32\win32u.dll
0x00007ffe58fc0000 - 0x00007ffe58fea000 	C:\WINDOWS\System32\GDI32.dll
0x00007ffe56ec0000 - 0x00007ffe56fcb000 	C:\WINDOWS\System32\gdi32full.dll
0x00007ffe572c0000 - 0x00007ffe5735d000 	C:\WINDOWS\System32\msvcp_win.dll
0x00007ffe33400000 - 0x00007ffe33415000 	C:\Users\admin\.jdks\adopt-openjdk-11.0.10\bin\VCRUNTIME140.dll
0x00007ffe45c20000 - 0x00007ffe45eba000 	C:\WINDOWS\WinSxS\amd64_microsoft.windows.common-controls_6595b64144ccf1df_6.0.19041.844_none_ca00b6081b84eb1d\COMCTL32.dll
0x00007ffe57510000 - 0x00007ffe575ae000 	C:\WINDOWS\System32\msvcrt.dll
0x00007ffe59330000 - 0x00007ffe59360000 	C:\WINDOWS\System32\IMM32.DLL
0x00007ffe2ed50000 - 0x00007ffe2edeb000 	C:\Users\admin\.jdks\adopt-openjdk-11.0.10\bin\msvcp140.dll
0x00007ffe16390000 - 0x00007ffe16ed3000 	C:\Users\admin\.jdks\adopt-openjdk-11.0.10\bin\server\jvm.dll
0x00007ffe587d0000 - 0x00007ffe5887c000 	C:\WINDOWS\System32\ADVAPI32.dll
0x00007ffe59050000 - 0x00007ffe590ec000 	C:\WINDOWS\System32\sechost.dll
0x00007ffe58690000 - 0x00007ffe587bb000 	C:\WINDOWS\System32\RPCRT4.dll
0x00007ffe58a40000 - 0x00007ffe58a48000 	C:\WINDOWS\System32\PSAPI.DLL
0x00007ffe3dc80000 - 0x00007ffe3dc89000 	C:\WINDOWS\SYSTEM32\WSOCK32.dll
0x00007ffe58e90000 - 0x00007ffe58efb000 	C:\WINDOWS\System32\WS2_32.dll
0x00007ffe482f0000 - 0x00007ffe48317000 	C:\WINDOWS\SYSTEM32\WINMM.dll
0x00007ffe49430000 - 0x00007ffe4943a000 	C:\WINDOWS\SYSTEM32\VERSION.dll
0x00007ffe554d0000 - 0x00007ffe554e2000 	C:\WINDOWS\SYSTEM32\kernel.appcore.dll
0x00007ffe50910000 - 0x00007ffe50920000 	C:\Users\admin\.jdks\adopt-openjdk-11.0.10\bin\verify.dll
0x00007ffe54a40000 - 0x00007ffe54c24000 	C:\WINDOWS\SYSTEM32\DBGHELP.DLL
0x00007ffe46720000 - 0x00007ffe4674c000 	C:\WINDOWS\SYSTEM32\dbgcore.DLL
0x00007ffe57110000 - 0x00007ffe57190000 	C:\WINDOWS\System32\bcryptPrimitives.dll
0x00007ffe32110000 - 0x00007ffe32138000 	C:\Users\admin\.jdks\adopt-openjdk-11.0.10\bin\java.dll
0x00007ffe40af0000 - 0x00007ffe40afa000 	C:\Users\admin\.jdks\adopt-openjdk-11.0.10\bin\jimage.dll
0x00007ffe43df0000 - 0x00007ffe43dfe000 	C:\Users\admin\.jdks\adopt-openjdk-11.0.10\bin\instrument.dll
0x00007ffe32680000 - 0x00007ffe32697000 	C:\Users\admin\.jdks\adopt-openjdk-11.0.10\bin\zip.dll

dbghelp: loaded successfully - version: 4.0.5 - missing functions: none
symbol engine: initialized successfully - sym options: 0x614 - pdb path: .;C:\Users\admin\.jdks\adopt-openjdk-11.0.10\bin;C:\WINDOWS\SYSTEM32;C:\WINDOWS\WinSxS\amd64_microsoft.windows.common-controls_6595b64144ccf1df_6.0.19041.844_none_ca00b6081b84eb1d;C:\Users\admin\.jdks\adopt-openjdk-11.0.10\bin\server

VM Arguments:
jvm_args: -javaagent:C:\Program Files\JetBrains\IntelliJ IDEA Community Edition 2021.1\lib\idea_rt.jar=60495:C:\Program Files\JetBrains\IntelliJ IDEA Community Edition 2021.1\bin -Dfile.encoding=UTF-8 
java_command: com.company.Main
java_class_path (initial): C:\Users\admin\Desktop\WIN-Home-Work\week_nine\W9Day2\LabWork1\out\production\LabWork1
Launcher Type: SUN_STANDARD

[Global flags]
     intx CICompilerCount                          = 3                                         {product} {ergonomic}
     uint ConcGCThreads                            = 1                                         {product} {ergonomic}
     uint G1ConcRefinementThreads                  = 4                                         {product} {ergonomic}
   size_t G1HeapRegionSize                         = 1048576                                   {product} {ergonomic}
    uintx GCDrainStackTargetSize                   = 64                                        {product} {ergonomic}
   size_t InitialHeapSize                          = 130023424                                 {product} {ergonomic}
   size_t MarkStackSize                            = 4194304                                   {product} {ergonomic}
   size_t MaxHeapSize                              = 2063597568                                {product} {ergonomic}
   size_t MinHeapDeltaBytes                        = 1048576                                   {product} {ergonomic}
    uintx NonNMethodCodeHeapSize                   = 5830732                                {pd product} {ergonomic}
    uintx NonProfiledCodeHeapSize                  = 122913754                              {pd product} {ergonomic}
    uintx ProfiledCodeHeapSize                     = 122913754                              {pd product} {ergonomic}
    uintx ReservedCodeCacheSize                    = 251658240                              {pd product} {ergonomic}
     bool SegmentedCodeCache                       = true                                      {product} {ergonomic}
     bool UseCompressedClassPointers               = true                                 {lp64_product} {ergonomic}
     bool UseCompressedOops                        = true                                 {lp64_product} {ergonomic}
     bool UseG1GC                                  = true                                      {product} {ergonomic}
     bool UseLargePagesIndividualAllocation        = false                                  {pd product} {ergonomic}

Logging:
Log output configuration:
 #0: stdout all=warning uptime,level,tags
 #1: stderr all=off uptime,level,tags

Environment Variables:
PATH=C:\Python39\Scripts\;C:\Python39\;C:\Program Files\Common Files\Oracle\Java\javapath;C:\Program Files (x86)\Common Files\Oracle\Java\javapath;C:\Program Files (x86)\NVIDIA Corporation\PhysX\Common;C:\ProgramData\Oracle\Java\javapath;C:\WINDOWS\system32;C:\WINDOWS;C:\WINDOWS\System32\Wbem;C:\WINDOWS\System32\WindowsPowerShell\v1.0\;C:\Program Files (x86)\Skype\Phone\;C:\Program Files\WIDCOMM\Bluetooth Software\;C:\Program Files\WIDCOMM\Bluetooth Software\syswow64;C:\WINDOWS\System32\OpenSSH\;C:\Program Files\Git\cmd;C:\Program Files\nodejs\;C:\ProgramData\chocolatey\bin;C:\Users\admin\AppData\Local\Microsoft\WindowsApps;C:\Program Files\Intel\WiFi\bin\;C:\Program Files\Common Files\Intel\WirelessCommon\;C:\Users\admin\AppData\Local\Programs\Microsoft VS Code\bin;C:\Users\admin\AppData\Local\GitHubDesktop\bin;C:\Users\admin\AppData\Roaming\npm;C:\ProgramData\admin\GitHubDesktop\bin
USERNAME=admin
OS=Windows_NT
PROCESSOR_IDENTIFIER=Intel64 Family 6 Model 78 Stepping 3, GenuineIntel



---------------  S Y S T E M  ---------------

OS: Windows 10 , 64 bit Build 19041 (10.0.19041.804)
OS uptime: 4 days 3:31 hours

CPU:total 4 (initial active 4) (2 cores per cpu, 2 threads per core) family 6 model 78 stepping 3 microcode 0xe2, cmov, cx8, fxsr, mmx, sse, sse2, sse3, ssse3, sse4.1, sse4.2, popcnt, avx, avx2, aes, clmul, erms, rtm, 3dnowpref, lzcnt, ht, tsc, tscinvbit, bmi1, bmi2, adx, fma

Memory: 4k page, system-wide physical 7871M (951M free)
TotalPageFile size 11848M (AvailPageFile size 91M)
current process WorkingSet (physical memory assigned to process): 10M, peak: 10M
current process commit charge ("private bytes"): 51M, peak: 175M

vm_info: OpenJDK 64-Bit Server VM (11.0.10+9) for windows-amd64 JRE (11.0.10+9), built on Jan 20 2021 06:07:07 by "" with MS VC++ 15.9 (VS2017)

END.
